<?xml version="1.0" encoding="UTF-8"?>
<testng-results ignored="0" total="1" passed="1" failed="0" skipped="0">
  <reporter-output>
  </reporter-output>
  <suite started-at="2023-10-17T20:51:11 IST" name="Suite" finished-at="2023-10-17T20:51:14 IST" duration-ms="3278">
    <groups>
    </groups>
    <test started-at="2023-10-17T20:51:11 IST" name="Test" finished-at="2023-10-17T20:51:14 IST" duration-ms="3278">
      <class name="tests.TestClass">
        <test-method is-config="true" signature="getDriver()[pri:0, instance:tests.TestClass@79ad8b2f]" started-at="2023-10-17T20:51:08 IST" name="getDriver" finished-at="2023-10-17T20:51:11 IST" duration-ms="2839" status="PASS">
          <reporter-output>
          </reporter-output>
        </test-method> <!-- getDriver -->
        <test-method signature="OpenApplication()[pri:0, instance:tests.TestClass@79ad8b2f]" started-at="2023-10-17T20:51:11 IST" name="OpenApplication" finished-at="2023-10-17T20:51:14 IST" duration-ms="3243" status="PASS">
          <reporter-output>
          </reporter-output>
        </test-method> <!-- OpenApplication -->
      </class> <!-- tests.TestClass -->
    </test> <!-- Test -->
  </suite> <!-- Suite -->
</testng-results>
