<?xml version="1.0" encoding="UTF-8"?>
<testng-results ignored="0" total="1" passed="1" failed="0" skipped="0">
  <reporter-output>
  </reporter-output>
  <suite started-at="2023-10-16T20:17:21 IST" name="Suite" finished-at="2023-10-16T20:17:25 IST" duration-ms="3780">
    <groups>
    </groups>
    <test started-at="2023-10-16T20:17:21 IST" name="Test" finished-at="2023-10-16T20:17:25 IST" duration-ms="3780">
      <class name="tests.TestClass">
        <test-method is-config="true" signature="getDriver()[pri:0, instance:tests.TestClass@37d4349f]" started-at="2023-10-16T20:17:18 IST" name="getDriver" finished-at="2023-10-16T20:17:21 IST" duration-ms="3078" status="PASS">
          <reporter-output>
          </reporter-output>
        </test-method> <!-- getDriver -->
        <test-method signature="OpenApplication()[pri:0, instance:tests.TestClass@37d4349f]" started-at="2023-10-16T20:17:21 IST" name="OpenApplication" finished-at="2023-10-16T20:17:25 IST" duration-ms="3727" status="PASS">
          <reporter-output>
          </reporter-output>
        </test-method> <!-- OpenApplication -->
      </class> <!-- tests.TestClass -->
    </test> <!-- Test -->
  </suite> <!-- Suite -->
</testng-results>
